# JRE version: OpenJDK Runtime Environment (8.0_162-b12) (build 1.8.0_162-8u162-b12-0ubuntu0.17.10.2-b12)
# Java VM: OpenJDK 64-Bit Server VM (25.162-b12 mixed mode linux-amd64 compressed oops)
Heap:
 def new generation   total 132928K, used 122580K [0x00000000c0000000, 0x00000000c9030000, 0x00000000d5550000)
  eden space 118208K,  99% used [0x00000000c0000000, 0x00000000c72dd310, 0x00000000c7370000)
  from space 14720K,  33% used [0x00000000c81d0000, 0x00000000c86a8010, 0x00000000c9030000)
  to   space 14720K,   1% used [0x00000000c7370000, 0x00000000c73b5930, 0x00000000c81d0000)
 tenured generation   total 295180K, used 259657K [0x00000000d5550000, 0x00000000e7593000, 0x0000000100000000)
   the space 295180K,  87% used [0x00000000d5550000, 0x00000000e52e25f0, 0x00000000e52e2600, 0x00000000e7593000)
 Metaspace       used 76990K, capacity 77828K, committed 77912K, reserved 1116160K
  class space    used 11140K, capacity 11331K, committed 11352K, reserved 1048576K
GC Heap History (10 events):
Event: 69.117 GC heap after
Heap after GC invocations=158 (full 12):
 def new generation   total 132928K, used 10446K [0x00000000c0000000, 0x00000000c9030000, 0x00000000d5550000)
  eden space 118208K,   0% used [0x00000000c0000000, 0x00000000c0000000, 0x00000000c7370000)
  from space 14720K,  70% used [0x00000000c81d0000, 0x00000000c8c03b78, 0x00000000c9030000)
  to   space 14720K,   0% used [0x00000000c7370000, 0x00000000c7370000, 0x00000000c81d0000)
 tenured generation   total 295180K, used 251389K [0x00000000d5550000, 0x00000000e7593000, 0x0000000100000000)
   the space 295180K,  85% used [0x00000000d5550000, 0x00000000e4acf520, 0x00000000e4acf600, 0x00000000e7593000)
 Metaspace       used 76963K, capacity 77764K, committed 77912K, reserved 1116160K
  class space    used 11140K, capacity 11331K, committed 11352K, reserved 1048576K
}
Event: 69.242 GC heap before
{Heap before GC invocations=158 (full 12):
 def new generation   total 132928K, used 127719K [0x00000000c0000000, 0x00000000c9030000, 0x00000000d5550000)
  eden space 118208K,  99% used [0x00000000c0000000, 0x00000000c72860a0, 0x00000000c7370000)
  from space 14720K,  70% used [0x00000000c81d0000, 0x00000000c8c03b78, 0x00000000c9030000)
  to   space 14720K,   0% used [0x00000000c7370000, 0x00000000c7370000, 0x00000000c81d0000)
 tenured generation   total 295180K, used 251389K [0x00000000d5550000, 0x00000000e7593000, 0x0000000100000000)
   the space 295180K,  85% used [0x00000000d5550000, 0x00000000e4acf520, 0x00000000e4acf600, 0x00000000e7593000)
 Metaspace       used 76963K, capacity 77764K, committed 77912K, reserved 1116160K
  class space    used 11140K, capacity 11331K, committed 11352K, reserved 1048576K
Event: 69.248 GC heap after
Heap after GC invocations=159 (full 12):
 def new generation   total 132928K, used 2179K [0x00000000c0000000, 0x00000000c9030000, 0x00000000d5550000)
  eden space 118208K,   0% used [0x00000000c0000000, 0x00000000c0000000, 0x00000000c7370000)
  from space 14720K,  14% used [0x00000000c7370000, 0x00000000c7590d18, 0x00000000c81d0000)
  to   space 14720K,   0% used [0x00000000c81d0000, 0x00000000c81d0000, 0x00000000c9030000)
 tenured generation   total 295180K, used 259657K [0x00000000d5550000, 0x00000000e7593000, 0x0000000100000000)
   the space 295180K,  87% used [0x00000000d5550000, 0x00000000e52e25f0, 0x00000000e52e2600, 0x00000000e7593000)
 Metaspace       used 76963K, capacity 77764K, committed 77912K, reserved 1116160K
  class space    used 11140K, capacity 11331K, committed 11352K, reserved 1048576K
}
Event: 69.500 GC heap before
{Heap before GC invocations=159 (full 12):
 def new generation   total 132928K, used 120387K [0x00000000c0000000, 0x00000000c9030000, 0x00000000d5550000)
  eden space 118208K, 100% used [0x00000000c0000000, 0x00000000c7370000, 0x00000000c7370000)
  from space 14720K,  14% used [0x00000000c7370000, 0x00000000c7590d18, 0x00000000c81d0000)
  to   space 14720K,   0% used [0x00000000c81d0000, 0x00000000c81d0000, 0x00000000c9030000)
 tenured generation   total 295180K, used 259657K [0x00000000d5550000, 0x00000000e7593000, 0x0000000100000000)
   the space 295180K,  87% used [0x00000000d5550000, 0x00000000e52e25f0, 0x00000000e52e2600, 0x00000000e7593000)
 Metaspace       used 76963K, capacity 77764K, committed 77912K, reserved 1116160K
  class space    used 11140K, capacity 11331K, committed 11352K, reserved 1048576K
Event: 69.506 GC heap after
Heap after GC invocations=160 (full 12):
 def new generation   total 132928K, used 2790K [0x00000000c0000000, 0x00000000c9030000, 0x00000000d5550000)
  eden space 118208K,   0% used [0x00000000c0000000, 0x00000000c0000000, 0x00000000c7370000)
  from space 14720K,  18% used [0x00000000c81d0000, 0x00000000c8489808, 0x00000000c9030000)
  to   space 14720K,   0% used [0x00000000c7370000, 0x00000000c7370000, 0x00000000c81d0000)
 tenured generation   total 295180K, used 259657K [0x00000000d5550000, 0x00000000e7593000, 0x0000000100000000)
   the space 295180K,  87% used [0x00000000d5550000, 0x00000000e52e25f0, 0x00000000e52e2600, 0x00000000e7593000)
 Metaspace       used 76963K, capacity 77764K, committed 77912K, reserved 1116160K
  class space    used 11140K, capacity 11331K, committed 11352K, reserved 1048576K
}
Event: 69.878 GC heap before
{Heap before GC invocations=160 (full 12):
 def new generation   total 132928K, used 120998K [0x00000000c0000000, 0x00000000c9030000, 0x00000000d5550000)
  eden space 118208K, 100% used [0x00000000c0000000, 0x00000000c7370000, 0x00000000c7370000)
  from space 14720K,  18% used [0x00000000c81d0000, 0x00000000c8489808, 0x00000000c9030000)
  to   space 14720K,   0% used [0x00000000c7370000, 0x00000000c7370000, 0x00000000c81d0000)
 tenured generation   total 295180K, used 259657K [0x00000000d5550000, 0x00000000e7593000, 0x0000000100000000)
   the space 295180K,  87% used [0x00000000d5550000, 0x00000000e52e25f0, 0x00000000e52e2600, 0x00000000e7593000)
 Metaspace       used 76963K, capacity 77764K, committed 77912K, reserved 1116160K
  class space    used 11140K, capacity 11331K, committed 11352K, reserved 1048576K
Event: 69.883 GC heap after
Heap after GC invocations=161 (full 12):
 def new generation   total 132928K, used 2625K [0x00000000c0000000, 0x00000000c9030000, 0x00000000d5550000)
  eden space 118208K,   0% used [0x00000000c0000000, 0x00000000c0000000, 0x00000000c7370000)
  from space 14720K,  17% used [0x00000000c7370000, 0x00000000c76005b8, 0x00000000c81d0000)
  to   space 14720K,   0% used [0x00000000c81d0000, 0x00000000c81d0000, 0x00000000c9030000)
 tenured generation   total 295180K, used 259657K [0x00000000d5550000, 0x00000000e7593000, 0x0000000100000000)
   the space 295180K,  87% used [0x00000000d5550000, 0x00000000e52e25f0, 0x00000000e52e2600, 0x00000000e7593000)
 Metaspace       used 76963K, capacity 77764K, committed 77912K, reserved 1116160K
  class space    used 11140K, capacity 11331K, committed 11352K, reserved 1048576K
}
Event: 70.488 GC heap before
{Heap before GC invocations=161 (full 12):
 def new generation   total 132928K, used 60681K [0x00000000c0000000, 0x00000000c9030000, 0x00000000d5550000)
  eden space 118208K,  49% used [0x00000000c0000000, 0x00000000c38b20d0, 0x00000000c7370000)
  from space 14720K,  17% used [0x00000000c7370000, 0x00000000c76005b8, 0x00000000c81d0000)
  to   space 14720K,   0% used [0x00000000c81d0000, 0x00000000c81d0000, 0x00000000c9030000)
 tenured generation   total 295180K, used 259657K [0x00000000d5550000, 0x00000000e7593000, 0x0000000100000000)
   the space 295180K,  87% used [0x00000000d5550000, 0x00000000e52e25f0, 0x00000000e52e2600, 0x00000000e7593000)
 Metaspace       used 76988K, capacity 77828K, committed 77912K, reserved 1116160K
  class space    used 11140K, capacity 11331K, committed 11352K, reserved 1048576K
Event: 70.496 GC heap after
Heap after GC invocations=162 (full 12):
 def new generation   total 132928K, used 4960K [0x00000000c0000000, 0x00000000c9030000, 0x00000000d5550000)
  eden space 118208K,   0% used [0x00000000c0000000, 0x00000000c0000000, 0x00000000c7370000)
  from space 14720K,  33% used [0x00000000c81d0000, 0x00000000c86a8010, 0x00000000c9030000)
  to   space 14720K,   0% used [0x00000000c7370000, 0x00000000c7370000, 0x00000000c81d0000)
 tenured generation   total 295180K, used 259657K [0x00000000d5550000, 0x00000000e7593000, 0x0000000100000000)
   the space 295180K,  87% used [0x00000000d5550000, 0x00000000e52e25f0, 0x00000000e52e2600, 0x00000000e7593000)
 Metaspace       used 76988K, capacity 77828K, committed 77912K, reserved 1116160K
  class space    used 11140K, capacity 11331K, committed 11352K, reserved 1048576K
}
Event: 71.554 GC heap before
{Heap before GC invocations=162 (full 12):
 def new generation   total 132928K, used 122580K [0x00000000c0000000, 0x00000000c9030000, 0x00000000d5550000)
  eden space 118208K,  99% used [0x00000000c0000000, 0x00000000c72dd310, 0x00000000c7370000)
  from space 14720K,  33% used [0x00000000c81d0000, 0x00000000c86a8010, 0x00000000c9030000)
  to   space 14720K,   0% used [0x00000000c7370000, 0x00000000c7370000, 0x00000000c81d0000)
 tenured generation   total 295180K, used 259657K [0x00000000d5550000, 0x00000000e7593000, 0x0000000100000000)
   the space 295180K,  87% used [0x00000000d5550000, 0x00000000e52e25f0, 0x00000000e52e2600, 0x00000000e7593000)
 Metaspace       used 76990K, capacity 77828K, committed 77912K, reserved 1116160K
  class space    used 11140K, capacity 11331K, committed 11352K, reserved 1048576K

