# JRE version: OpenJDK Runtime Environment (8.0_162-b12) (build 1.8.0_162-8u162-b12-0ubuntu0.17.10.2-b12)
# Java VM: OpenJDK 64-Bit Server VM (25.162-b12 mixed mode linux-amd64 compressed oops)
Heap:
 def new generation   total 133440K, used 123273K [0x00000000c0000000, 0x00000000c90c0000, 0x00000000d5550000)
  eden space 118656K, 100% used [0x00000000c0000000, 0x00000000c73e0000, 0x00000000c73e0000)
  from space 14784K,  31% used [0x00000000c8250000, 0x00000000c86d24d8, 0x00000000c90c0000)
  to   space 14784K,   1% used [0x00000000c73e0000, 0x00000000c7427068, 0x00000000c8250000)
 tenured generation   total 296420K, used 273856K [0x00000000d5550000, 0x00000000e76c9000, 0x0000000100000000)
   the space 296420K,  92% used [0x00000000d5550000, 0x00000000e60c0228, 0x00000000e60c0400, 0x00000000e76c9000)
 Metaspace       used 76883K, capacity 77652K, committed 77912K, reserved 1116160K
  class space    used 11139K, capacity 11323K, committed 11352K, reserved 1048576K
GC Heap History (10 events):
Event: 47.632 GC heap after
Heap after GC invocations=140 (full 10):
 def new generation   total 133440K, used 4304K [0x00000000c0000000, 0x00000000c90c0000, 0x00000000d5550000)
  eden space 118656K,   0% used [0x00000000c0000000, 0x00000000c0000000, 0x00000000c73e0000)
  from space 14784K,  29% used [0x00000000c8250000, 0x00000000c86842f0, 0x00000000c90c0000)
  to   space 14784K,   0% used [0x00000000c73e0000, 0x00000000c73e0000, 0x00000000c8250000)
 tenured generation   total 296420K, used 175519K [0x00000000d5550000, 0x00000000e76c9000, 0x0000000100000000)
   the space 296420K,  59% used [0x00000000d5550000, 0x00000000e00b7e98, 0x00000000e00b8000, 0x00000000e76c9000)
 Metaspace       used 76861K, capacity 77652K, committed 77912K, reserved 1116160K
  class space    used 11139K, capacity 11323K, committed 11352K, reserved 1048576K
}
Event: 48.514 GC heap before
{Heap before GC invocations=140 (full 10):
 def new generation   total 133440K, used 122103K [0x00000000c0000000, 0x00000000c90c0000, 0x00000000d5550000)
  eden space 118656K,  99% used [0x00000000c0000000, 0x00000000c7309960, 0x00000000c73e0000)
  from space 14784K,  29% used [0x00000000c8250000, 0x00000000c86842f0, 0x00000000c90c0000)
  to   space 14784K,   0% used [0x00000000c73e0000, 0x00000000c73e0000, 0x00000000c8250000)
 tenured generation   total 296420K, used 175519K [0x00000000d5550000, 0x00000000e76c9000, 0x0000000100000000)
   the space 296420K,  59% used [0x00000000d5550000, 0x00000000e00b7e98, 0x00000000e00b8000, 0x00000000e76c9000)
 Metaspace       used 76861K, capacity 77652K, committed 77912K, reserved 1116160K
  class space    used 11139K, capacity 11323K, committed 11352K, reserved 1048576K
Event: 48.533 GC heap after
Heap after GC invocations=141 (full 10):
 def new generation   total 133440K, used 10390K [0x00000000c0000000, 0x00000000c90c0000, 0x00000000d5550000)
  eden space 118656K,   0% used [0x00000000c0000000, 0x00000000c0000000, 0x00000000c73e0000)
  from space 14784K,  70% used [0x00000000c73e0000, 0x00000000c7e05978, 0x00000000c8250000)
  to   space 14784K,   0% used [0x00000000c8250000, 0x00000000c8250000, 0x00000000c90c0000)
 tenured generation   total 296420K, used 268349K [0x00000000d5550000, 0x00000000e76c9000, 0x0000000100000000)
   the space 296420K,  90% used [0x00000000d5550000, 0x00000000e5b5f720, 0x00000000e5b5f800, 0x00000000e76c9000)
 Metaspace       used 76861K, capacity 77652K, committed 77912K, reserved 1116160K
  class space    used 11139K, capacity 11323K, committed 11352K, reserved 1048576K
}
Event: 48.710 GC heap before
{Heap before GC invocations=141 (full 10):
 def new generation   total 133440K, used 129046K [0x00000000c0000000, 0x00000000c90c0000, 0x00000000d5550000)
  eden space 118656K, 100% used [0x00000000c0000000, 0x00000000c73e0000, 0x00000000c73e0000)
  from space 14784K,  70% used [0x00000000c73e0000, 0x00000000c7e05978, 0x00000000c8250000)
  to   space 14784K,   0% used [0x00000000c8250000, 0x00000000c8250000, 0x00000000c90c0000)
 tenured generation   total 296420K, used 268349K [0x00000000d5550000, 0x00000000e76c9000, 0x0000000100000000)
   the space 296420K,  90% used [0x00000000d5550000, 0x00000000e5b5f720, 0x00000000e5b5f800, 0x00000000e76c9000)
 Metaspace       used 76861K, capacity 77652K, committed 77912K, reserved 1116160K
  class space    used 11139K, capacity 11323K, committed 11352K, reserved 1048576K
Event: 48.720 GC heap after
Heap after GC invocations=142 (full 10):
 def new generation   total 133440K, used 7545K [0x00000000c0000000, 0x00000000c90c0000, 0x00000000d5550000)
  eden space 118656K,   0% used [0x00000000c0000000, 0x00000000c0000000, 0x00000000c73e0000)
  from space 14784K,  51% used [0x00000000c8250000, 0x00000000c89ae4e0, 0x00000000c90c0000)
  to   space 14784K,   0% used [0x00000000c73e0000, 0x00000000c73e0000, 0x00000000c8250000)
 tenured generation   total 296420K, used 272586K [0x00000000d5550000, 0x00000000e76c9000, 0x0000000100000000)
   the space 296420K,  91% used [0x00000000d5550000, 0x00000000e5f82a48, 0x00000000e5f82c00, 0x00000000e76c9000)
 Metaspace       used 76861K, capacity 77652K, committed 77912K, reserved 1116160K
  class space    used 11139K, capacity 11323K, committed 11352K, reserved 1048576K
}
Event: 48.921 GC heap before
{Heap before GC invocations=142 (full 10):
 def new generation   total 133440K, used 125636K [0x00000000c0000000, 0x00000000c90c0000, 0x00000000d5550000)
  eden space 118656K,  99% used [0x00000000c0000000, 0x00000000c7352d30, 0x00000000c73e0000)
  from space 14784K,  51% used [0x00000000c8250000, 0x00000000c89ae4e0, 0x00000000c90c0000)
  to   space 14784K,   0% used [0x00000000c73e0000, 0x00000000c73e0000, 0x00000000c8250000)
 tenured generation   total 296420K, used 272586K [0x00000000d5550000, 0x00000000e76c9000, 0x0000000100000000)
   the space 296420K,  91% used [0x00000000d5550000, 0x00000000e5f82a48, 0x00000000e5f82c00, 0x00000000e76c9000)
 Metaspace       used 76861K, capacity 77652K, committed 77912K, reserved 1116160K
  class space    used 11139K, capacity 11323K, committed 11352K, reserved 1048576K
Event: 48.925 GC heap after
Heap after GC invocations=143 (full 10):
 def new generation   total 133440K, used 7033K [0x00000000c0000000, 0x00000000c90c0000, 0x00000000d5550000)
  eden space 118656K,   0% used [0x00000000c0000000, 0x00000000c0000000, 0x00000000c73e0000)
  from space 14784K,  47% used [0x00000000c73e0000, 0x00000000c7abe420, 0x00000000c8250000)
  to   space 14784K,   0% used [0x00000000c8250000, 0x00000000c8250000, 0x00000000c90c0000)
 tenured generation   total 296420K, used 273856K [0x00000000d5550000, 0x00000000e76c9000, 0x0000000100000000)
   the space 296420K,  92% used [0x00000000d5550000, 0x00000000e60c0228, 0x00000000e60c0400, 0x00000000e76c9000)
 Metaspace       used 76861K, capacity 77652K, committed 77912K, reserved 1116160K
  class space    used 11139K, capacity 11323K, committed 11352K, reserved 1048576K
}
Event: 49.547 GC heap before
{Heap before GC invocations=143 (full 10):
 def new generation   total 133440K, used 88716K [0x00000000c0000000, 0x00000000c90c0000, 0x00000000d5550000)
  eden space 118656K,  68% used [0x00000000c0000000, 0x00000000c4fc4c08, 0x00000000c73e0000)
  from space 14784K,  47% used [0x00000000c73e0000, 0x00000000c7abe420, 0x00000000c8250000)
  to   space 14784K,   0% used [0x00000000c8250000, 0x00000000c8250000, 0x00000000c90c0000)
 tenured generation   total 296420K, used 273856K [0x00000000d5550000, 0x00000000e76c9000, 0x0000000100000000)
   the space 296420K,  92% used [0x00000000d5550000, 0x00000000e60c0228, 0x00000000e60c0400, 0x00000000e76c9000)
 Metaspace       used 76882K, capacity 77652K, committed 77912K, reserved 1116160K
  class space    used 11139K, capacity 11323K, committed 11352K, reserved 1048576K
Event: 49.558 GC heap after
Heap after GC invocations=144 (full 10):
 def new generation   total 133440K, used 4617K [0x00000000c0000000, 0x00000000c90c0000, 0x00000000d5550000)
  eden space 118656K,   0% used [0x00000000c0000000, 0x00000000c0000000, 0x00000000c73e0000)
  from space 14784K,  31% used [0x00000000c8250000, 0x00000000c86d24d8, 0x00000000c90c0000)
  to   space 14784K,   0% used [0x00000000c73e0000, 0x00000000c73e0000, 0x00000000c8250000)
 tenured generation   total 296420K, used 273856K [0x00000000d5550000, 0x00000000e76c9000, 0x0000000100000000)
   the space 296420K,  92% used [0x00000000d5550000, 0x00000000e60c0228, 0x00000000e60c0400, 0x00000000e76c9000)
 Metaspace       used 76882K, capacity 77652K, committed 77912K, reserved 1116160K
  class space    used 11139K, capacity 11323K, committed 11352K, reserved 1048576K
}
Event: 50.443 GC heap before
{Heap before GC invocations=144 (full 10):
 def new generation   total 133440K, used 123273K [0x00000000c0000000, 0x00000000c90c0000, 0x00000000d5550000)
  eden space 118656K, 100% used [0x00000000c0000000, 0x00000000c73e0000, 0x00000000c73e0000)
  from space 14784K,  31% used [0x00000000c8250000, 0x00000000c86d24d8, 0x00000000c90c0000)
  to   space 14784K,   0% used [0x00000000c73e0000, 0x00000000c73e0000, 0x00000000c8250000)
 tenured generation   total 296420K, used 273856K [0x00000000d5550000, 0x00000000e76c9000, 0x0000000100000000)
   the space 296420K,  92% used [0x00000000d5550000, 0x00000000e60c0228, 0x00000000e60c0400, 0x00000000e76c9000)
 Metaspace       used 76883K, capacity 77652K, committed 77912K, reserved 1116160K
  class space    used 11139K, capacity 11323K, committed 11352K, reserved 1048576K

