# JRE version: OpenJDK Runtime Environment (8.0_162-b12) (build 1.8.0_162-8u162-b12-0ubuntu0.17.10.2-b12)
# Java VM: OpenJDK 64-Bit Server VM (25.162-b12 mixed mode linux-amd64 compressed oops)
Heap:
 def new generation   total 132992K, used 123007K [0x00000000c0000000, 0x00000000c9040000, 0x00000000d5550000)
  eden space 118272K,  99% used [0x00000000c0000000, 0x00000000c7347e30, 0x00000000c7380000)
  from space 14720K,  33% used [0x00000000c81e0000, 0x00000000c86b8170, 0x00000000c9040000)
  to   space 14720K,  65% used [0x00000000c7380000, 0x00000000c7cf4f38, 0x00000000c81e0000)
 tenured generation   total 295280K, used 256562K [0x00000000d5550000, 0x00000000e75ac000, 0x0000000100000000)
   the space 295280K,  86% used [0x00000000d5550000, 0x00000000e4fdcba0, 0x00000000e4fdcc00, 0x00000000e75ac000)
 Metaspace       used 76972K, capacity 77764K, committed 77912K, reserved 1116160K
  class space    used 11142K, capacity 11331K, committed 11352K, reserved 1048576K
GC Heap History (10 events):
Event: 68.060 GC heap after
Heap after GC invocations=158 (full 12):
 def new generation   total 132992K, used 10446K [0x00000000c0000000, 0x00000000c9040000, 0x00000000d5550000)
  eden space 118272K,   0% used [0x00000000c0000000, 0x00000000c0000000, 0x00000000c7380000)
  from space 14720K,  70% used [0x00000000c81e0000, 0x00000000c8c13b78, 0x00000000c9040000)
  to   space 14720K,   0% used [0x00000000c7380000, 0x00000000c7380000, 0x00000000c81e0000)
 tenured generation   total 295280K, used 248294K [0x00000000d5550000, 0x00000000e75ac000, 0x0000000100000000)
   the space 295280K,  84% used [0x00000000d5550000, 0x00000000e47c9ad0, 0x00000000e47c9c00, 0x00000000e75ac000)
 Metaspace       used 76952K, capacity 77764K, committed 77912K, reserved 1116160K
  class space    used 11142K, capacity 11331K, committed 11352K, reserved 1048576K
}
Event: 68.171 GC heap before
{Heap before GC invocations=158 (full 12):
 def new generation   total 132992K, used 128718K [0x00000000c0000000, 0x00000000c9040000, 0x00000000d5550000)
  eden space 118272K, 100% used [0x00000000c0000000, 0x00000000c7380000, 0x00000000c7380000)
  from space 14720K,  70% used [0x00000000c81e0000, 0x00000000c8c13b78, 0x00000000c9040000)
  to   space 14720K,   0% used [0x00000000c7380000, 0x00000000c7380000, 0x00000000c81e0000)
 tenured generation   total 295280K, used 248294K [0x00000000d5550000, 0x00000000e75ac000, 0x0000000100000000)
   the space 295280K,  84% used [0x00000000d5550000, 0x00000000e47c9ad0, 0x00000000e47c9c00, 0x00000000e75ac000)
 Metaspace       used 76952K, capacity 77764K, committed 77912K, reserved 1116160K
  class space    used 11142K, capacity 11331K, committed 11352K, reserved 1048576K
Event: 68.175 GC heap after
Heap after GC invocations=159 (full 12):
 def new generation   total 132992K, used 2179K [0x00000000c0000000, 0x00000000c9040000, 0x00000000d5550000)
  eden space 118272K,   0% used [0x00000000c0000000, 0x00000000c0000000, 0x00000000c7380000)
  from space 14720K,  14% used [0x00000000c7380000, 0x00000000c75a0d18, 0x00000000c81e0000)
  to   space 14720K,   0% used [0x00000000c81e0000, 0x00000000c81e0000, 0x00000000c9040000)
 tenured generation   total 295280K, used 256562K [0x00000000d5550000, 0x00000000e75ac000, 0x0000000100000000)
   the space 295280K,  86% used [0x00000000d5550000, 0x00000000e4fdcba0, 0x00000000e4fdcc00, 0x00000000e75ac000)
 Metaspace       used 76952K, capacity 77764K, committed 77912K, reserved 1116160K
  class space    used 11142K, capacity 11331K, committed 11352K, reserved 1048576K
}
Event: 68.377 GC heap before
{Heap before GC invocations=159 (full 12):
 def new generation   total 132992K, used 120451K [0x00000000c0000000, 0x00000000c9040000, 0x00000000d5550000)
  eden space 118272K, 100% used [0x00000000c0000000, 0x00000000c7380000, 0x00000000c7380000)
  from space 14720K,  14% used [0x00000000c7380000, 0x00000000c75a0d18, 0x00000000c81e0000)
  to   space 14720K,   0% used [0x00000000c81e0000, 0x00000000c81e0000, 0x00000000c9040000)
 tenured generation   total 295280K, used 256562K [0x00000000d5550000, 0x00000000e75ac000, 0x0000000100000000)
   the space 295280K,  86% used [0x00000000d5550000, 0x00000000e4fdcba0, 0x00000000e4fdcc00, 0x00000000e75ac000)
 Metaspace       used 76952K, capacity 77764K, committed 77912K, reserved 1116160K
  class space    used 11142K, capacity 11331K, committed 11352K, reserved 1048576K
Event: 68.380 GC heap after
Heap after GC invocations=160 (full 12):
 def new generation   total 132992K, used 2790K [0x00000000c0000000, 0x00000000c9040000, 0x00000000d5550000)
  eden space 118272K,   0% used [0x00000000c0000000, 0x00000000c0000000, 0x00000000c7380000)
  from space 14720K,  18% used [0x00000000c81e0000, 0x00000000c84998b0, 0x00000000c9040000)
  to   space 14720K,   0% used [0x00000000c7380000, 0x00000000c7380000, 0x00000000c81e0000)
 tenured generation   total 295280K, used 256562K [0x00000000d5550000, 0x00000000e75ac000, 0x0000000100000000)
   the space 295280K,  86% used [0x00000000d5550000, 0x00000000e4fdcba0, 0x00000000e4fdcc00, 0x00000000e75ac000)
 Metaspace       used 76952K, capacity 77764K, committed 77912K, reserved 1116160K
  class space    used 11142K, capacity 11331K, committed 11352K, reserved 1048576K
}
Event: 68.592 GC heap before
{Heap before GC invocations=160 (full 12):
 def new generation   total 132992K, used 121062K [0x00000000c0000000, 0x00000000c9040000, 0x00000000d5550000)
  eden space 118272K, 100% used [0x00000000c0000000, 0x00000000c7380000, 0x00000000c7380000)
  from space 14720K,  18% used [0x00000000c81e0000, 0x00000000c84998b0, 0x00000000c9040000)
  to   space 14720K,   0% used [0x00000000c7380000, 0x00000000c7380000, 0x00000000c81e0000)
 tenured generation   total 295280K, used 256562K [0x00000000d5550000, 0x00000000e75ac000, 0x0000000100000000)
   the space 295280K,  86% used [0x00000000d5550000, 0x00000000e4fdcba0, 0x00000000e4fdcc00, 0x00000000e75ac000)
 Metaspace       used 76952K, capacity 77764K, committed 77912K, reserved 1116160K
  class space    used 11142K, capacity 11331K, committed 11352K, reserved 1048576K
Event: 68.595 GC heap after
Heap after GC invocations=161 (full 12):
 def new generation   total 132992K, used 2625K [0x00000000c0000000, 0x00000000c9040000, 0x00000000d5550000)
  eden space 118272K,   0% used [0x00000000c0000000, 0x00000000c0000000, 0x00000000c7380000)
  from space 14720K,  17% used [0x00000000c7380000, 0x00000000c7610660, 0x00000000c81e0000)
  to   space 14720K,   0% used [0x00000000c81e0000, 0x00000000c81e0000, 0x00000000c9040000)
 tenured generation   total 295280K, used 256562K [0x00000000d5550000, 0x00000000e75ac000, 0x0000000100000000)
   the space 295280K,  86% used [0x00000000d5550000, 0x00000000e4fdcba0, 0x00000000e4fdcc00, 0x00000000e75ac000)
 Metaspace       used 76952K, capacity 77764K, committed 77912K, reserved 1116160K
  class space    used 11142K, capacity 11331K, committed 11352K, reserved 1048576K
}
Event: 69.149 GC heap before
{Heap before GC invocations=161 (full 12):
 def new generation   total 132992K, used 61117K [0x00000000c0000000, 0x00000000c9040000, 0x00000000d5550000)
  eden space 118272K,  49% used [0x00000000c0000000, 0x00000000c391ee38, 0x00000000c7380000)
  from space 14720K,  17% used [0x00000000c7380000, 0x00000000c7610660, 0x00000000c81e0000)
  to   space 14720K,   0% used [0x00000000c81e0000, 0x00000000c81e0000, 0x00000000c9040000)
 tenured generation   total 295280K, used 256562K [0x00000000d5550000, 0x00000000e75ac000, 0x0000000100000000)
   the space 295280K,  86% used [0x00000000d5550000, 0x00000000e4fdcba0, 0x00000000e4fdcc00, 0x00000000e75ac000)
 Metaspace       used 76971K, capacity 77764K, committed 77912K, reserved 1116160K
  class space    used 11142K, capacity 11331K, committed 11352K, reserved 1048576K
Event: 69.165 GC heap after
Heap after GC invocations=162 (full 12):
 def new generation   total 132992K, used 4960K [0x00000000c0000000, 0x00000000c9040000, 0x00000000d5550000)
  eden space 118272K,   0% used [0x00000000c0000000, 0x00000000c0000000, 0x00000000c7380000)
  from space 14720K,  33% used [0x00000000c81e0000, 0x00000000c86b8170, 0x00000000c9040000)
  to   space 14720K,   0% used [0x00000000c7380000, 0x00000000c7380000, 0x00000000c81e0000)
 tenured generation   total 295280K, used 256562K [0x00000000d5550000, 0x00000000e75ac000, 0x0000000100000000)
   the space 295280K,  86% used [0x00000000d5550000, 0x00000000e4fdcba0, 0x00000000e4fdcc00, 0x00000000e75ac000)
 Metaspace       used 76971K, capacity 77764K, committed 77912K, reserved 1116160K
  class space    used 11142K, capacity 11331K, committed 11352K, reserved 1048576K
}
Event: 70.653 GC heap before
{Heap before GC invocations=162 (full 12):
 def new generation   total 132992K, used 123007K [0x00000000c0000000, 0x00000000c9040000, 0x00000000d5550000)
  eden space 118272K,  99% used [0x00000000c0000000, 0x00000000c7347e30, 0x00000000c7380000)
  from space 14720K,  33% used [0x00000000c81e0000, 0x00000000c86b8170, 0x00000000c9040000)
  to   space 14720K,   0% used [0x00000000c7380000, 0x00000000c7380000, 0x00000000c81e0000)
 tenured generation   total 295280K, used 256562K [0x00000000d5550000, 0x00000000e75ac000, 0x0000000100000000)
   the space 295280K,  86% used [0x00000000d5550000, 0x00000000e4fdcba0, 0x00000000e4fdcc00, 0x00000000e75ac000)
 Metaspace       used 76972K, capacity 77764K, committed 77912K, reserved 1116160K
  class space    used 11142K, capacity 11331K, committed 11352K, reserved 1048576K

