# JRE version: OpenJDK Runtime Environment (8.0_162-b12) (build 1.8.0_162-8u162-b12-0ubuntu0.17.10.2-b12)
# Java VM: OpenJDK 64-Bit Server VM (25.162-b12 mixed mode linux-amd64 compressed oops)
Heap:
 def new generation   total 132928K, used 122825K [0x00000000c0000000, 0x00000000c9030000, 0x00000000d5550000)
  eden space 118208K, 100% used [0x00000000c0000000, 0x00000000c7370000, 0x00000000c7370000)
  from space 14720K,  31% used [0x00000000c81d0000, 0x00000000c8652420, 0x00000000c9030000)
  to   space 14720K,  59% used [0x00000000c7370000, 0x00000000c7bf6ca0, 0x00000000c81d0000)
 tenured generation   total 295180K, used 273769K [0x00000000d5550000, 0x00000000e7593000, 0x0000000100000000)
   the space 295180K,  92% used [0x00000000d5550000, 0x00000000e60aa428, 0x00000000e60aa600, 0x00000000e7593000)
 Metaspace       used 76979K, capacity 77780K, committed 77912K, reserved 1116160K
  class space    used 11137K, capacity 11323K, committed 11352K, reserved 1048576K
GC Heap History (10 events):
Event: 47.178 GC heap after
Heap after GC invocations=139 (full 10):
 def new generation   total 132928K, used 4305K [0x00000000c0000000, 0x00000000c9030000, 0x00000000d5550000)
  eden space 118208K,   0% used [0x00000000c0000000, 0x00000000c0000000, 0x00000000c7370000)
  from space 14720K,  29% used [0x00000000c81d0000, 0x00000000c86044d0, 0x00000000c9030000)
  to   space 14720K,   0% used [0x00000000c7370000, 0x00000000c7370000, 0x00000000c81d0000)
 tenured generation   total 295180K, used 175431K [0x00000000d5550000, 0x00000000e7593000, 0x0000000100000000)
   the space 295180K,  59% used [0x00000000d5550000, 0x00000000e00a1eb8, 0x00000000e00a2000, 0x00000000e7593000)
 Metaspace       used 76963K, capacity 77780K, committed 77912K, reserved 1116160K
  class space    used 11137K, capacity 11323K, committed 11352K, reserved 1048576K
}
Event: 48.245 GC heap before
{Heap before GC invocations=139 (full 10):
 def new generation   total 132928K, used 122094K [0x00000000c0000000, 0x00000000c9030000, 0x00000000d5550000)
  eden space 118208K,  99% used [0x00000000c0000000, 0x00000000c73073f8, 0x00000000c7370000)
  from space 14720K,  29% used [0x00000000c81d0000, 0x00000000c86044d0, 0x00000000c9030000)
  to   space 14720K,   0% used [0x00000000c7370000, 0x00000000c7370000, 0x00000000c81d0000)
 tenured generation   total 295180K, used 175431K [0x00000000d5550000, 0x00000000e7593000, 0x0000000100000000)
   the space 295180K,  59% used [0x00000000d5550000, 0x00000000e00a1eb8, 0x00000000e00a2000, 0x00000000e7593000)
 Metaspace       used 76964K, capacity 77780K, committed 77912K, reserved 1116160K
  class space    used 11137K, capacity 11323K, committed 11352K, reserved 1048576K
Event: 48.267 GC heap after
Heap after GC invocations=140 (full 10):
 def new generation   total 132928K, used 10390K [0x00000000c0000000, 0x00000000c9030000, 0x00000000d5550000)
  eden space 118208K,   0% used [0x00000000c0000000, 0x00000000c0000000, 0x00000000c7370000)
  from space 14720K,  70% used [0x00000000c7370000, 0x00000000c7d95b58, 0x00000000c81d0000)
  to   space 14720K,   0% used [0x00000000c81d0000, 0x00000000c81d0000, 0x00000000c9030000)
 tenured generation   total 295180K, used 268261K [0x00000000d5550000, 0x00000000e7593000, 0x0000000100000000)
   the space 295180K,  90% used [0x00000000d5550000, 0x00000000e5b49740, 0x00000000e5b49800, 0x00000000e7593000)
 Metaspace       used 76964K, capacity 77780K, committed 77912K, reserved 1116160K
  class space    used 11137K, capacity 11323K, committed 11352K, reserved 1048576K
}
Event: 48.445 GC heap before
{Heap before GC invocations=140 (full 10):
 def new generation   total 132928K, used 128598K [0x00000000c0000000, 0x00000000c9030000, 0x00000000d5550000)
  eden space 118208K, 100% used [0x00000000c0000000, 0x00000000c7370000, 0x00000000c7370000)
  from space 14720K,  70% used [0x00000000c7370000, 0x00000000c7d95b58, 0x00000000c81d0000)
  to   space 14720K,   0% used [0x00000000c81d0000, 0x00000000c81d0000, 0x00000000c9030000)
 tenured generation   total 295180K, used 268261K [0x00000000d5550000, 0x00000000e7593000, 0x0000000100000000)
   the space 295180K,  90% used [0x00000000d5550000, 0x00000000e5b49740, 0x00000000e5b49800, 0x00000000e7593000)
 Metaspace       used 76964K, capacity 77780K, committed 77912K, reserved 1116160K
  class space    used 11137K, capacity 11323K, committed 11352K, reserved 1048576K
Event: 48.453 GC heap after
Heap after GC invocations=141 (full 10):
 def new generation   total 132928K, used 7545K [0x00000000c0000000, 0x00000000c9030000, 0x00000000d5550000)
  eden space 118208K,   0% used [0x00000000c0000000, 0x00000000c0000000, 0x00000000c7370000)
  from space 14720K,  51% used [0x00000000c81d0000, 0x00000000c892e4e0, 0x00000000c9030000)
  to   space 14720K,   0% used [0x00000000c7370000, 0x00000000c7370000, 0x00000000c81d0000)
 tenured generation   total 295180K, used 272499K [0x00000000d5550000, 0x00000000e7593000, 0x0000000100000000)
   the space 295180K,  92% used [0x00000000d5550000, 0x00000000e5f6cc48, 0x00000000e5f6ce00, 0x00000000e7593000)
 Metaspace       used 76964K, capacity 77780K, committed 77912K, reserved 1116160K
  class space    used 11137K, capacity 11323K, committed 11352K, reserved 1048576K
}
Event: 48.631 GC heap before
{Heap before GC invocations=141 (full 10):
 def new generation   total 132928K, used 125753K [0x00000000c0000000, 0x00000000c9030000, 0x00000000d5550000)
  eden space 118208K, 100% used [0x00000000c0000000, 0x00000000c7370000, 0x00000000c7370000)
  from space 14720K,  51% used [0x00000000c81d0000, 0x00000000c892e4e0, 0x00000000c9030000)
  to   space 14720K,   0% used [0x00000000c7370000, 0x00000000c7370000, 0x00000000c81d0000)
 tenured generation   total 295180K, used 272499K [0x00000000d5550000, 0x00000000e7593000, 0x0000000100000000)
   the space 295180K,  92% used [0x00000000d5550000, 0x00000000e5f6cc48, 0x00000000e5f6ce00, 0x00000000e7593000)
 Metaspace       used 76964K, capacity 77780K, committed 77912K, reserved 1116160K
  class space    used 11137K, capacity 11323K, committed 11352K, reserved 1048576K
Event: 48.635 GC heap after
Heap after GC invocations=142 (full 10):
 def new generation   total 132928K, used 7033K [0x00000000c0000000, 0x00000000c9030000, 0x00000000d5550000)
  eden space 118208K,   0% used [0x00000000c0000000, 0x00000000c0000000, 0x00000000c7370000)
  from space 14720K,  47% used [0x00000000c7370000, 0x00000000c7a4e420, 0x00000000c81d0000)
  to   space 14720K,   0% used [0x00000000c81d0000, 0x00000000c81d0000, 0x00000000c9030000)
 tenured generation   total 295180K, used 273769K [0x00000000d5550000, 0x00000000e7593000, 0x0000000100000000)
   the space 295180K,  92% used [0x00000000d5550000, 0x00000000e60aa428, 0x00000000e60aa600, 0x00000000e7593000)
 Metaspace       used 76964K, capacity 77780K, committed 77912K, reserved 1116160K
  class space    used 11137K, capacity 11323K, committed 11352K, reserved 1048576K
}
Event: 49.093 GC heap before
{Heap before GC invocations=142 (full 10):
 def new generation   total 132928K, used 89145K [0x00000000c0000000, 0x00000000c9030000, 0x00000000d5550000)
  eden space 118208K,  69% used [0x00000000c0000000, 0x00000000c50303a0, 0x00000000c7370000)
  from space 14720K,  47% used [0x00000000c7370000, 0x00000000c7a4e420, 0x00000000c81d0000)
  to   space 14720K,   0% used [0x00000000c81d0000, 0x00000000c81d0000, 0x00000000c9030000)
 tenured generation   total 295180K, used 273769K [0x00000000d5550000, 0x00000000e7593000, 0x0000000100000000)
   the space 295180K,  92% used [0x00000000d5550000, 0x00000000e60aa428, 0x00000000e60aa600, 0x00000000e7593000)
 Metaspace       used 76979K, capacity 77780K, committed 77912K, reserved 1116160K
  class space    used 11137K, capacity 11323K, committed 11352K, reserved 1048576K
Event: 49.105 GC heap after
Heap after GC invocations=143 (full 10):
 def new generation   total 132928K, used 4617K [0x00000000c0000000, 0x00000000c9030000, 0x00000000d5550000)
  eden space 118208K,   0% used [0x00000000c0000000, 0x00000000c0000000, 0x00000000c7370000)
  from space 14720K,  31% used [0x00000000c81d0000, 0x00000000c8652420, 0x00000000c9030000)
  to   space 14720K,   0% used [0x00000000c7370000, 0x00000000c7370000, 0x00000000c81d0000)
 tenured generation   total 295180K, used 273769K [0x00000000d5550000, 0x00000000e7593000, 0x0000000100000000)
   the space 295180K,  92% used [0x00000000d5550000, 0x00000000e60aa428, 0x00000000e60aa600, 0x00000000e7593000)
 Metaspace       used 76979K, capacity 77780K, committed 77912K, reserved 1116160K
  class space    used 11137K, capacity 11323K, committed 11352K, reserved 1048576K
}
Event: 50.067 GC heap before
{Heap before GC invocations=143 (full 10):
 def new generation   total 132928K, used 122825K [0x00000000c0000000, 0x00000000c9030000, 0x00000000d5550000)
  eden space 118208K, 100% used [0x00000000c0000000, 0x00000000c7370000, 0x00000000c7370000)
  from space 14720K,  31% used [0x00000000c81d0000, 0x00000000c8652420, 0x00000000c9030000)
  to   space 14720K,   0% used [0x00000000c7370000, 0x00000000c7370000, 0x00000000c81d0000)
 tenured generation   total 295180K, used 273769K [0x00000000d5550000, 0x00000000e7593000, 0x0000000100000000)
   the space 295180K,  92% used [0x00000000d5550000, 0x00000000e60aa428, 0x00000000e60aa600, 0x00000000e7593000)
 Metaspace       used 76979K, capacity 77780K, committed 77912K, reserved 1116160K
  class space    used 11137K, capacity 11323K, committed 11352K, reserved 1048576K

