# JRE version: OpenJDK Runtime Environment (8.0_162-b12) (build 1.8.0_162-8u162-b12-0ubuntu0.17.10.2-b12)
# Java VM: OpenJDK 64-Bit Server VM (25.162-b12 mixed mode linux-amd64 compressed oops)
Heap:
 def new generation   total 164352K, used 0K [0x00000000c0000000, 0x00000000cb250000, 0x00000000d5550000)
  eden space 146112K,   0% used [0x00000000c0000000, 0x00000000c0000000, 0x00000000c8eb0000)
  from space 18240K,   0% used [0x00000000c8eb0000, 0x00000000c8eb0000, 0x00000000ca080000)
  to   space 18240K,   0% used [0x00000000ca080000, 0x00000000ca080000, 0x00000000cb250000)
 tenured generation   total 515608K, used 309362K [0x00000000d5550000, 0x00000000f4cd6000, 0x0000000100000000)
   the space 515608K,  59% used [0x00000000d5550000, 0x00000000e836c9e8, 0x00000000e836ca00, 0x00000000f4cd6000)
 Metaspace       used 88921K, capacity 90470K, committed 90712K, reserved 1126400K
  class space    used 12738K, capacity 13025K, committed 13144K, reserved 1048576K
GC Heap History (10 events):
Event: 169.349 GC heap after
Heap after GC invocations=327 (full 36):
 def new generation   total 164352K, used 5102K [0x00000000c0000000, 0x00000000cb250000, 0x00000000d5550000)
  eden space 146112K,   0% used [0x00000000c0000000, 0x00000000c0000000, 0x00000000c8eb0000)
  from space 18240K,  27% used [0x00000000ca080000, 0x00000000ca57b930, 0x00000000cb250000)
  to   space 18240K,   0% used [0x00000000c8eb0000, 0x00000000c8eb0000, 0x00000000ca080000)
 tenured generation   total 365116K, used 151633K [0x00000000d5550000, 0x00000000eb9df000, 0x0000000100000000)
   the space 365116K,  41% used [0x00000000d5550000, 0x00000000de9645e0, 0x00000000de964600, 0x00000000eb9df000)
 Metaspace       used 87586K, capacity 89054K, committed 89176K, reserved 1126400K
  class space    used 12550K, capacity 12841K, committed 12888K, reserved 1048576K
}
Event: 170.453 GC heap before
{Heap before GC invocations=327 (full 36):
 def new generation   total 164352K, used 137016K [0x00000000c0000000, 0x00000000cb250000, 0x00000000d5550000)
  eden space 146112K,  90% used [0x00000000c0000000, 0x00000000c80d2718, 0x00000000c8eb0000)
  from space 18240K,  27% used [0x00000000ca080000, 0x00000000ca57b930, 0x00000000cb250000)
  to   space 18240K,   0% used [0x00000000c8eb0000, 0x00000000c8eb0000, 0x00000000ca080000)
 tenured generation   total 365116K, used 151633K [0x00000000d5550000, 0x00000000eb9df000, 0x0000000100000000)
   the space 365116K,  41% used [0x00000000d5550000, 0x00000000de9645e0, 0x00000000de964600, 0x00000000eb9df000)
 Metaspace       used 88479K, capacity 89990K, committed 90072K, reserved 1126400K
  class space    used 12684K, capacity 12977K, committed 13016K, reserved 1048576K
Event: 170.466 GC heap after
Heap after GC invocations=328 (full 36):
 def new generation   total 164352K, used 18240K [0x00000000c0000000, 0x00000000cb250000, 0x00000000d5550000)
  eden space 146112K,   0% used [0x00000000c0000000, 0x00000000c0000000, 0x00000000c8eb0000)
  from space 18240K, 100% used [0x00000000c8eb0000, 0x00000000ca080000, 0x00000000ca080000)
  to   space 18240K,   0% used [0x00000000ca080000, 0x00000000ca080000, 0x00000000cb250000)
 tenured generation   total 365116K, used 155206K [0x00000000d5550000, 0x00000000eb9df000, 0x0000000100000000)
   the space 365116K,  42% used [0x00000000d5550000, 0x00000000dece1ae8, 0x00000000dece1c00, 0x00000000eb9df000)
 Metaspace       used 88479K, capacity 89990K, committed 90072K, reserved 1126400K
  class space    used 12684K, capacity 12977K, committed 13016K, reserved 1048576K
}
Event: 171.086 GC heap before
{Heap before GC invocations=328 (full 36):
 def new generation   total 164352K, used 164352K [0x00000000c0000000, 0x00000000cb250000, 0x00000000d5550000)
  eden space 146112K, 100% used [0x00000000c0000000, 0x00000000c8eb0000, 0x00000000c8eb0000)
  from space 18240K, 100% used [0x00000000c8eb0000, 0x00000000ca080000, 0x00000000ca080000)
  to   space 18240K,   0% used [0x00000000ca080000, 0x00000000ca080000, 0x00000000cb250000)
 tenured generation   total 365116K, used 155206K [0x00000000d5550000, 0x00000000eb9df000, 0x0000000100000000)
   the space 365116K,  42% used [0x00000000d5550000, 0x00000000dece1ae8, 0x00000000dece1c00, 0x00000000eb9df000)
 Metaspace       used 88768K, capacity 90310K, committed 90712K, reserved 1126400K
  class space    used 12723K, capacity 13019K, committed 13144K, reserved 1048576K
Event: 171.106 GC heap after
Heap after GC invocations=329 (full 36):
 def new generation   total 164352K, used 16924K [0x00000000c0000000, 0x00000000cb250000, 0x00000000d5550000)
  eden space 146112K,   0% used [0x00000000c0000000, 0x00000000c0000000, 0x00000000c8eb0000)
  from space 18240K,  92% used [0x00000000ca080000, 0x00000000cb107278, 0x00000000cb250000)
  to   space 18240K,   0% used [0x00000000c8eb0000, 0x00000000c8eb0000, 0x00000000ca080000)
 tenured generation   total 365116K, used 191107K [0x00000000d5550000, 0x00000000eb9df000, 0x0000000100000000)
   the space 365116K,  52% used [0x00000000d5550000, 0x00000000e0ff0f18, 0x00000000e0ff1000, 0x00000000eb9df000)
 Metaspace       used 88768K, capacity 90310K, committed 90712K, reserved 1126400K
  class space    used 12723K, capacity 13019K, committed 13144K, reserved 1048576K
}
Event: 171.611 GC heap before
{Heap before GC invocations=329 (full 36):
 def new generation   total 164352K, used 154964K [0x00000000c0000000, 0x00000000cb250000, 0x00000000d5550000)
  eden space 146112K,  94% used [0x00000000c0000000, 0x00000000c86ce0e8, 0x00000000c8eb0000)
  from space 18240K,  92% used [0x00000000ca080000, 0x00000000cb107278, 0x00000000cb250000)
  to   space 18240K,   0% used [0x00000000c8eb0000, 0x00000000c8eb0000, 0x00000000ca080000)
 tenured generation   total 365116K, used 191107K [0x00000000d5550000, 0x00000000eb9df000, 0x0000000100000000)
   the space 365116K,  52% used [0x00000000d5550000, 0x00000000e0ff0f18, 0x00000000e0ff1000, 0x00000000eb9df000)
 Metaspace       used 88797K, capacity 90380K, committed 90712K, reserved 1126400K
  class space    used 12724K, capacity 13021K, committed 13144K, reserved 1048576K
Event: 171.624 GC heap after
Heap after GC invocations=330 (full 36):
 def new generation   total 164352K, used 16485K [0x00000000c0000000, 0x00000000cb250000, 0x00000000d5550000)
  eden space 146112K,   0% used [0x00000000c0000000, 0x00000000c0000000, 0x00000000c8eb0000)
  from space 18240K,  90% used [0x00000000c8eb0000, 0x00000000c9ec96e8, 0x00000000ca080000)
  to   space 18240K,   0% used [0x00000000ca080000, 0x00000000ca080000, 0x00000000cb250000)
 tenured generation   total 365116K, used 246232K [0x00000000d5550000, 0x00000000eb9df000, 0x0000000100000000)
   the space 365116K,  67% used [0x00000000d5550000, 0x00000000e45c6110, 0x00000000e45c6200, 0x00000000eb9df000)
 Metaspace       used 88797K, capacity 90380K, committed 90712K, reserved 1126400K
  class space    used 12724K, capacity 13021K, committed 13144K, reserved 1048576K
}
Event: 172.374 GC heap before
{Heap before GC invocations=330 (full 36):
 def new generation   total 164352K, used 108261K [0x00000000c0000000, 0x00000000cb250000, 0x00000000d5550000)
  eden space 146112K,  62% used [0x00000000c0000000, 0x00000000c599fd20, 0x00000000c8eb0000)
  from space 18240K,  90% used [0x00000000c8eb0000, 0x00000000c9ec96e8, 0x00000000ca080000)
  to   space 18240K,   0% used [0x00000000ca080000, 0x00000000ca080000, 0x00000000cb250000)
 tenured generation   total 365116K, used 246232K [0x00000000d5550000, 0x00000000eb9df000, 0x0000000100000000)
   the space 365116K,  67% used [0x00000000d5550000, 0x00000000e45c6110, 0x00000000e45c6200, 0x00000000eb9df000)
 Metaspace       used 88917K, capacity 90470K, committed 90712K, reserved 1126400K
  class space    used 12738K, capacity 13025K, committed 13144K, reserved 1048576K
Event: 172.391 GC heap after
Heap after GC invocations=331 (full 36):
 def new generation   total 164352K, used 16968K [0x00000000c0000000, 0x00000000cb250000, 0x00000000d5550000)
  eden space 146112K,   0% used [0x00000000c0000000, 0x00000000c0000000, 0x00000000c8eb0000)
  from space 18240K,  93% used [0x00000000ca080000, 0x00000000cb112210, 0x00000000cb250000)
  to   space 18240K,   0% used [0x00000000c8eb0000, 0x00000000c8eb0000, 0x00000000ca080000)
 tenured generation   total 365116K, used 295438K [0x00000000d5550000, 0x00000000eb9df000, 0x0000000100000000)
   the space 365116K,  80% used [0x00000000d5550000, 0x00000000e75d38b0, 0x00000000e75d3a00, 0x00000000eb9df000)
 Metaspace       used 88917K, capacity 90470K, committed 90712K, reserved 1126400K
  class space    used 12738K, capacity 13025K, committed 13144K, reserved 1048576K
}
Event: 173.449 GC heap before
{Heap before GC invocations=331 (full 36):
 def new generation   total 164352K, used 162195K [0x00000000c0000000, 0x00000000cb250000, 0x00000000d5550000)
  eden space 146112K,  99% used [0x00000000c0000000, 0x00000000c8dd29f0, 0x00000000c8eb0000)
  from space 18240K,  93% used [0x00000000ca080000, 0x00000000cb112210, 0x00000000cb250000)
  to   space 18240K,   0% used [0x00000000c8eb0000, 0x00000000c8eb0000, 0x00000000ca080000)
 tenured generation   total 365116K, used 295438K [0x00000000d5550000, 0x00000000eb9df000, 0x0000000100000000)
   the space 365116K,  80% used [0x00000000d5550000, 0x00000000e75d38b0, 0x00000000e75d3a00, 0x00000000eb9df000)
 Metaspace       used 88921K, capacity 90470K, committed 90712K, reserved 1126400K
  class space    used 12738K, capacity 13025K, committed 13144K, reserved 1048576K

