# JRE version: OpenJDK Runtime Environment (8.0_162-b12) (build 1.8.0_162-8u162-b12-0ubuntu0.17.10.2-b12)
# Java VM: OpenJDK 64-Bit Server VM (25.162-b12 mixed mode linux-amd64 compressed oops)
Heap:
 def new generation   total 133376K, used 123209K [0x00000000c0000000, 0x00000000c90b0000, 0x00000000d5550000)
  eden space 118592K, 100% used [0x00000000c0000000, 0x00000000c73d0000, 0x00000000c73d0000)
  from space 14784K,  31% used [0x00000000c8240000, 0x00000000c86c2520, 0x00000000c90b0000)
  to   space 14784K,   1% used [0x00000000c73d0000, 0x00000000c7417060, 0x00000000c8240000)
 tenured generation   total 296272K, used 273771K [0x00000000d5550000, 0x00000000e76a4000, 0x0000000100000000)
   the space 296272K,  92% used [0x00000000d5550000, 0x00000000e60aae88, 0x00000000e60ab000, 0x00000000e76a4000)
 Metaspace       used 76904K, capacity 77716K, committed 77912K, reserved 1116160K
  class space    used 11136K, capacity 11323K, committed 11352K, reserved 1048576K
GC Heap History (10 events):
Event: 49.224 GC heap after
Heap after GC invocations=140 (full 10):
 def new generation   total 133376K, used 4303K [0x00000000c0000000, 0x00000000c90b0000, 0x00000000d5550000)
  eden space 118592K,   0% used [0x00000000c0000000, 0x00000000c0000000, 0x00000000c73d0000)
  from space 14784K,  29% used [0x00000000c8240000, 0x00000000c8673f28, 0x00000000c90b0000)
  to   space 14784K,   0% used [0x00000000c73d0000, 0x00000000c73d0000, 0x00000000c8240000)
 tenured generation   total 296272K, used 175435K [0x00000000d5550000, 0x00000000e76a4000, 0x0000000100000000)
   the space 296272K,  59% used [0x00000000d5550000, 0x00000000e00a2ec0, 0x00000000e00a3000, 0x00000000e76a4000)
 Metaspace       used 76886K, capacity 77716K, committed 77912K, reserved 1116160K
  class space    used 11136K, capacity 11323K, committed 11352K, reserved 1048576K
}
Event: 52.049 GC heap before
{Heap before GC invocations=140 (full 10):
 def new generation   total 133376K, used 122167K [0x00000000c0000000, 0x00000000c90b0000, 0x00000000d5550000)
  eden space 118592K,  99% used [0x00000000c0000000, 0x00000000c7319dd8, 0x00000000c73d0000)
  from space 14784K,  29% used [0x00000000c8240000, 0x00000000c8673f28, 0x00000000c90b0000)
  to   space 14784K,   0% used [0x00000000c73d0000, 0x00000000c73d0000, 0x00000000c8240000)
 tenured generation   total 296272K, used 175435K [0x00000000d5550000, 0x00000000e76a4000, 0x0000000100000000)
   the space 296272K,  59% used [0x00000000d5550000, 0x00000000e00a2ec0, 0x00000000e00a3000, 0x00000000e76a4000)
 Metaspace       used 76887K, capacity 77716K, committed 77912K, reserved 1116160K
  class space    used 11136K, capacity 11323K, committed 11352K, reserved 1048576K
Event: 52.140 GC heap after
Heap after GC invocations=141 (full 10):
 def new generation   total 133376K, used 10389K [0x00000000c0000000, 0x00000000c90b0000, 0x00000000d5550000)
  eden space 118592K,   0% used [0x00000000c0000000, 0x00000000c0000000, 0x00000000c73d0000)
  from space 14784K,  70% used [0x00000000c73d0000, 0x00000000c7df55b0, 0x00000000c8240000)
  to   space 14784K,   0% used [0x00000000c8240000, 0x00000000c8240000, 0x00000000c90b0000)
 tenured generation   total 296272K, used 268265K [0x00000000d5550000, 0x00000000e76a4000, 0x0000000100000000)
   the space 296272K,  90% used [0x00000000d5550000, 0x00000000e5b4a748, 0x00000000e5b4a800, 0x00000000e76a4000)
 Metaspace       used 76887K, capacity 77716K, committed 77912K, reserved 1116160K
  class space    used 11136K, capacity 11323K, committed 11352K, reserved 1048576K
}
Event: 52.560 GC heap before
{Heap before GC invocations=141 (full 10):
 def new generation   total 133376K, used 128981K [0x00000000c0000000, 0x00000000c90b0000, 0x00000000d5550000)
  eden space 118592K, 100% used [0x00000000c0000000, 0x00000000c73d0000, 0x00000000c73d0000)
  from space 14784K,  70% used [0x00000000c73d0000, 0x00000000c7df55b0, 0x00000000c8240000)
  to   space 14784K,   0% used [0x00000000c8240000, 0x00000000c8240000, 0x00000000c90b0000)
 tenured generation   total 296272K, used 268265K [0x00000000d5550000, 0x00000000e76a4000, 0x0000000100000000)
   the space 296272K,  90% used [0x00000000d5550000, 0x00000000e5b4a748, 0x00000000e5b4a800, 0x00000000e76a4000)
 Metaspace       used 76887K, capacity 77716K, committed 77912K, reserved 1116160K
  class space    used 11136K, capacity 11323K, committed 11352K, reserved 1048576K
Event: 52.571 GC heap after
Heap after GC invocations=142 (full 10):
 def new generation   total 133376K, used 7545K [0x00000000c0000000, 0x00000000c90b0000, 0x00000000d5550000)
  eden space 118592K,   0% used [0x00000000c0000000, 0x00000000c0000000, 0x00000000c73d0000)
  from space 14784K,  51% used [0x00000000c8240000, 0x00000000c899e4e0, 0x00000000c90b0000)
  to   space 14784K,   0% used [0x00000000c73d0000, 0x00000000c73d0000, 0x00000000c8240000)
 tenured generation   total 296272K, used 272501K [0x00000000d5550000, 0x00000000e76a4000, 0x0000000100000000)
   the space 296272K,  91% used [0x00000000d5550000, 0x00000000e5f6d6a8, 0x00000000e5f6d800, 0x00000000e76a4000)
 Metaspace       used 76887K, capacity 77716K, committed 77912K, reserved 1116160K
  class space    used 11136K, capacity 11323K, committed 11352K, reserved 1048576K
}
Event: 52.839 GC heap before
{Heap before GC invocations=142 (full 10):
 def new generation   total 133376K, used 126137K [0x00000000c0000000, 0x00000000c90b0000, 0x00000000d5550000)
  eden space 118592K, 100% used [0x00000000c0000000, 0x00000000c73d0000, 0x00000000c73d0000)
  from space 14784K,  51% used [0x00000000c8240000, 0x00000000c899e4e0, 0x00000000c90b0000)
  to   space 14784K,   0% used [0x00000000c73d0000, 0x00000000c73d0000, 0x00000000c8240000)
 tenured generation   total 296272K, used 272501K [0x00000000d5550000, 0x00000000e76a4000, 0x0000000100000000)
   the space 296272K,  91% used [0x00000000d5550000, 0x00000000e5f6d6a8, 0x00000000e5f6d800, 0x00000000e76a4000)
 Metaspace       used 76887K, capacity 77716K, committed 77912K, reserved 1116160K
  class space    used 11136K, capacity 11323K, committed 11352K, reserved 1048576K
Event: 52.845 GC heap after
Heap after GC invocations=143 (full 10):
 def new generation   total 133376K, used 7033K [0x00000000c0000000, 0x00000000c90b0000, 0x00000000d5550000)
  eden space 118592K,   0% used [0x00000000c0000000, 0x00000000c0000000, 0x00000000c73d0000)
  from space 14784K,  47% used [0x00000000c73d0000, 0x00000000c7aae420, 0x00000000c8240000)
  to   space 14784K,   0% used [0x00000000c8240000, 0x00000000c8240000, 0x00000000c90b0000)
 tenured generation   total 296272K, used 273771K [0x00000000d5550000, 0x00000000e76a4000, 0x0000000100000000)
   the space 296272K,  92% used [0x00000000d5550000, 0x00000000e60aae88, 0x00000000e60ab000, 0x00000000e76a4000)
 Metaspace       used 76887K, capacity 77716K, committed 77912K, reserved 1116160K
  class space    used 11136K, capacity 11323K, committed 11352K, reserved 1048576K
}
Event: 53.822 GC heap before
{Heap before GC invocations=143 (full 10):
 def new generation   total 133376K, used 87924K [0x00000000c0000000, 0x00000000c90b0000, 0x00000000d5550000)
  eden space 118592K,  68% used [0x00000000c0000000, 0x00000000c4efeeb0, 0x00000000c73d0000)
  from space 14784K,  47% used [0x00000000c73d0000, 0x00000000c7aae420, 0x00000000c8240000)
  to   space 14784K,   0% used [0x00000000c8240000, 0x00000000c8240000, 0x00000000c90b0000)
 tenured generation   total 296272K, used 273771K [0x00000000d5550000, 0x00000000e76a4000, 0x0000000100000000)
   the space 296272K,  92% used [0x00000000d5550000, 0x00000000e60aae88, 0x00000000e60ab000, 0x00000000e76a4000)
 Metaspace       used 76904K, capacity 77716K, committed 77912K, reserved 1116160K
  class space    used 11136K, capacity 11323K, committed 11352K, reserved 1048576K
Event: 53.835 GC heap after
Heap after GC invocations=144 (full 10):
 def new generation   total 133376K, used 4617K [0x00000000c0000000, 0x00000000c90b0000, 0x00000000d5550000)
  eden space 118592K,   0% used [0x00000000c0000000, 0x00000000c0000000, 0x00000000c73d0000)
  from space 14784K,  31% used [0x00000000c8240000, 0x00000000c86c2520, 0x00000000c90b0000)
  to   space 14784K,   0% used [0x00000000c73d0000, 0x00000000c73d0000, 0x00000000c8240000)
 tenured generation   total 296272K, used 273771K [0x00000000d5550000, 0x00000000e76a4000, 0x0000000100000000)
   the space 296272K,  92% used [0x00000000d5550000, 0x00000000e60aae88, 0x00000000e60ab000, 0x00000000e76a4000)
 Metaspace       used 76904K, capacity 77716K, committed 77912K, reserved 1116160K
  class space    used 11136K, capacity 11323K, committed 11352K, reserved 1048576K
}
Event: 54.932 GC heap before
{Heap before GC invocations=144 (full 10):
 def new generation   total 133376K, used 123209K [0x00000000c0000000, 0x00000000c90b0000, 0x00000000d5550000)
  eden space 118592K, 100% used [0x00000000c0000000, 0x00000000c73d0000, 0x00000000c73d0000)
  from space 14784K,  31% used [0x00000000c8240000, 0x00000000c86c2520, 0x00000000c90b0000)
  to   space 14784K,   0% used [0x00000000c73d0000, 0x00000000c73d0000, 0x00000000c8240000)
 tenured generation   total 296272K, used 273771K [0x00000000d5550000, 0x00000000e76a4000, 0x0000000100000000)
   the space 296272K,  92% used [0x00000000d5550000, 0x00000000e60aae88, 0x00000000e60ab000, 0x00000000e76a4000)
 Metaspace       used 76904K, capacity 77716K, committed 77912K, reserved 1116160K
  class space    used 11136K, capacity 11323K, committed 11352K, reserved 1048576K

